[  6794.378] (--) Log file renamed from "/home/liam/.local/share/xorg/Xorg.pid-21407.log" to "/home/liam/.local/share/xorg/Xorg.0.log"
[  6794.379] 
X.Org X Server 1.21.1.16
X Protocol Version 11, Revision 0
[  6794.379] Current Operating System: Linux archlinux 6.13.8-arch1-1 #1 SMP PREEMPT_DYNAMIC Sun, 23 Mar 2025 17:17:30 +0000 x86_64
[  6794.379] Kernel command line: initrd=\initramfs-linux.img root=PARTUUID=337d7bf3-3241-4b5a-a6c8-72d588a170a1 zswap.enabled=0 rw rootfstype=ext4
[  6794.379]  
[  6794.379] Current version of pixman: 0.44.2
[  6794.379] 	Before reporting problems, check http://wiki.x.org
	to make sure that you have the latest version.
[  6794.379] Markers: (--) probed, (**) from config file, (==) default setting,
	(++) from command line, (!!) notice, (II) informational,
	(WW) warning, (EE) error, (NI) not implemented, (??) unknown.
[  6794.379] (==) Log file: "/home/liam/.local/share/xorg/Xorg.0.log", Time: Tue Apr  8 12:57:56 2025
[  6794.379] (==) Using config directory: "/etc/X11/xorg.conf.d"
[  6794.379] (==) Using system config directory "/usr/share/X11/xorg.conf.d"
[  6794.380] (==) No Layout section.  Using the first Screen section.
[  6794.380] (==) No screen section available. Using defaults.
[  6794.380] (**) |-->Screen "Default Screen Section" (0)
[  6794.380] (**) |   |-->Monitor "<default monitor>"
[  6794.380] (==) No monitor specified for screen "Default Screen Section".
	Using a default monitor configuration.
[  6794.380] (**) Allowing byte-swapped clients
[  6794.380] (==) Automatically adding devices
[  6794.380] (==) Automatically enabling devices
[  6794.380] (==) Automatically adding GPU devices
[  6794.380] (==) Automatically binding GPU devices
[  6794.380] (==) Max clients allowed: 256, resource mask: 0x1fffff
[  6794.380] (WW) The directory "/usr/share/fonts/misc" does not exist.
[  6794.380] 	Entry deleted from font path.
[  6794.380] (WW) `fonts.dir' not found (or not valid) in "/usr/share/fonts/TTF".
[  6794.380] 	Entry deleted from font path.
[  6794.380] 	(Run 'mkfontdir' on "/usr/share/fonts/TTF").
[  6794.380] (WW) The directory "/usr/share/fonts/OTF" does not exist.
[  6794.380] 	Entry deleted from font path.
[  6794.380] (WW) The directory "/usr/share/fonts/Type1" does not exist.
[  6794.380] 	Entry deleted from font path.
[  6794.380] (WW) The directory "/usr/share/fonts/100dpi" does not exist.
[  6794.380] 	Entry deleted from font path.
[  6794.380] (WW) The directory "/usr/share/fonts/75dpi" does not exist.
[  6794.380] 	Entry deleted from font path.
[  6794.380] (==) FontPath set to:
	
[  6794.380] (==) ModulePath set to "/usr/lib/xorg/modules"
[  6794.380] (II) The server relies on udev to provide the list of input devices.
	If no devices become available, reconfigure udev or disable AutoAddDevices.
[  6794.380] (II) Module ABI versions:
[  6794.380] 	X.Org ANSI C Emulation: 0.4
[  6794.380] 	X.Org Video Driver: 25.2
[  6794.380] 	X.Org XInput driver : 24.4
[  6794.380] 	X.Org Server Extension : 10.0
[  6794.380] (++) using VT number 2

[  6794.381] (II) systemd-logind: took control of session /org/freedesktop/login1/session/_310
[  6794.383] (II) xfree86: Adding drm device (/dev/dri/card1)
[  6794.383] (II) Platform probe for /sys/devices/pci0000:00/0000:00:02.0/drm/card1
[  6794.383] (II) systemd-logind: got fd for /dev/dri/card1 226:1 fd 14 paused 0
[  6794.386] (--) PCI:*(0@0:2:0) 8086:5917:17aa:2258 rev 7, Mem @ 0xe7000000/16777216, 0xc0000000/268435456, I/O @ 0x0000e000/64, BIOS @ 0x????????/131072
[  6794.386] (WW) Open ACPI failed (/var/run/acpid.socket) (No such file or directory)
[  6794.386] (II) LoadModule: "glx"
[  6794.387] (II) Loading /usr/lib/xorg/modules/extensions/libglx.so
[  6794.388] (II) Module glx: vendor="X.Org Foundation"
[  6794.388] 	compiled for 1.21.1.16, module version = 1.0.0
[  6794.388] 	ABI class: X.Org Server Extension, version 10.0
[  6794.388] (==) Matched intel as autoconfigured driver 0
[  6794.388] (==) Matched modesetting as autoconfigured driver 1
[  6794.388] (==) Matched fbdev as autoconfigured driver 2
[  6794.388] (==) Matched vesa as autoconfigured driver 3
[  6794.388] (==) Assigned the driver to the xf86ConfigLayout
[  6794.388] (II) LoadModule: "intel"
[  6794.388] (WW) Warning, couldn't open module intel
[  6794.388] (EE) Failed to load module "intel" (module does not exist, 0)
[  6794.388] (II) LoadModule: "modesetting"
[  6794.388] (II) Loading /usr/lib/xorg/modules/drivers/modesetting_drv.so
[  6794.388] (II) Module modesetting: vendor="X.Org Foundation"
[  6794.388] 	compiled for 1.21.1.16, module version = 1.21.1
[  6794.388] 	Module class: X.Org Video Driver
[  6794.388] 	ABI class: X.Org Video Driver, version 25.2
[  6794.388] (II) LoadModule: "fbdev"
[  6794.389] (WW) Warning, couldn't open module fbdev
[  6794.389] (EE) Failed to load module "fbdev" (module does not exist, 0)
[  6794.389] (II) LoadModule: "vesa"
[  6794.389] (WW) Warning, couldn't open module vesa
[  6794.389] (EE) Failed to load module "vesa" (module does not exist, 0)
[  6794.389] (II) modesetting: Driver for Modesetting Kernel Drivers: kms
[  6794.389] (II) modeset(0): using drv /dev/dri/card1
[  6794.389] (WW) VGA arbiter: cannot open kernel arbiter, no multi-card support
[  6794.389] (II) modeset(0): Creating default Display subsection in Screen section
	"Default Screen Section" for depth/fbbpp 24/32
[  6794.389] (==) modeset(0): Depth 24, (==) framebuffer bpp 32
[  6794.389] (==) modeset(0): RGB weight 888
[  6794.389] (==) modeset(0): Default visual is TrueColor
[  6794.389] (II) Loading sub module "glamoregl"
[  6794.389] (II) LoadModule: "glamoregl"
[  6794.389] (II) Loading /usr/lib/xorg/modules/libglamoregl.so
[  6794.392] (II) Module glamoregl: vendor="X.Org Foundation"
[  6794.392] 	compiled for 1.21.1.16, module version = 1.0.1
[  6794.392] 	ABI class: X.Org ANSI C Emulation, version 0.4
[  6794.424] (II) modeset(0): glamor X acceleration enabled on Mesa Intel(R) UHD Graphics 620 (KBL GT2)
[  6794.424] (II) modeset(0): glamor initialized
[  6794.424] (==) modeset(0): VariableRefresh: disabled
[  6794.424] (==) modeset(0): AsyncFlipSecondaries: disabled
[  6794.426] (II) modeset(0): Output eDP-1 has no monitor section
[  6794.431] (II) modeset(0): Output DP-1 has no monitor section
[  6794.487] (II) modeset(0): Output HDMI-1 has no monitor section
[  6794.492] (II) modeset(0): Output DP-2 has no monitor section
[  6794.495] (II) modeset(0): Output HDMI-2 has no monitor section
[  6794.497] (II) modeset(0): EDID for output eDP-1
[  6794.497] (II) modeset(0): Manufacturer: AUO  Model: 103d  Serial#: 0
[  6794.497] (II) modeset(0): Year: 2016  Week: 0
[  6794.497] (II) modeset(0): EDID Version: 1.4
[  6794.497] (II) modeset(0): Digital Display Input
[  6794.497] (II) modeset(0): 6 bits per channel
[  6794.497] (II) modeset(0): Digital interface is DisplayPort
[  6794.497] (II) modeset(0): Max Image Size [cm]: horiz.: 31  vert.: 17
[  6794.497] (II) modeset(0): Gamma: 2.20
[  6794.497] (II) modeset(0): No DPMS capabilities specified
[  6794.497] (II) modeset(0): Supported color encodings: RGB 4:4:4 
[  6794.497] (II) modeset(0): First detailed timing is preferred mode
[  6794.497] (II) modeset(0): Preferred mode is native pixel format and refresh rate
[  6794.497] (II) modeset(0): redX: 0.573 redY: 0.340   greenX: 0.352 greenY: 0.581
[  6794.497] (II) modeset(0): blueX: 0.164 blueY: 0.135   whiteX: 0.313 whiteY: 0.329
[  6794.497] (II) modeset(0): Manufacturer's mask: 0
[  6794.497] (II) modeset(0): Supported detailed timing:
[  6794.497] (II) modeset(0): clock: 141.0 MHz   Image Size:  309 x 173 mm
[  6794.497] (II) modeset(0): h_active: 1920  h_sync: 1968  h_sync_end 2068 h_blank_end 2098 h_border: 0
[  6794.497] (II) modeset(0): v_active: 1080  v_sync: 1083  v_sync_end 1084 v_blanking: 1120 v_border: 0
[  6794.497] (II) modeset(0): Unknown vendor-specific block f
[  6794.497] (II) modeset(0):  AUO
[  6794.497] (II) modeset(0):  B140HAK01.0
[  6794.497] (II) modeset(0): EDID (in hex):
[  6794.497] (II) modeset(0): 	00ffffffffffff0006af3d1000000000
[  6794.497] (II) modeset(0): 	001a0104951f117802c32592575a942a
[  6794.497] (II) modeset(0): 	22505400000001010101010101010101
[  6794.497] (II) modeset(0): 	010101010101143780b2703828403064
[  6794.497] (II) modeset(0): 	310035ad100000180000000f00000000
[  6794.497] (II) modeset(0): 	00000000000000000020000000fe0041
[  6794.497] (II) modeset(0): 	554f0a202020202020202020000000fe
[  6794.497] (II) modeset(0): 	004231343048414b30312e30200a00bd
[  6794.497] (II) modeset(0): Printing probed modes for output eDP-1
[  6794.497] (II) modeset(0): Modeline "1920x1080"x60.0  141.00  1920 1968 2068 2098  1080 1083 1084 1120 -hsync -vsync (67.2 kHz eP)
[  6794.497] (II) modeset(0): Modeline "1920x1080"x119.9  266.50  1920 1944 1960 2000  1080 1081 1084 1111 doublescan +hsync -vsync (133.2 kHz d)
[  6794.497] (II) modeset(0): Modeline "1920x1080"x60.0  173.00  1920 2048 2248 2576  1080 1083 1088 1120 -hsync +vsync (67.2 kHz d)
[  6794.497] (II) modeset(0): Modeline "1920x1080"x59.9  138.50  1920 1968 2000 2080  1080 1083 1088 1111 +hsync -vsync (66.6 kHz d)
[  6794.497] (II) modeset(0): Modeline "1680x1050"x60.0  146.25  1680 1784 1960 2240  1050 1053 1059 1089 -hsync +vsync (65.3 kHz d)
[  6794.497] (II) modeset(0): Modeline "1680x1050"x59.9  119.00  1680 1728 1760 1840  1050 1053 1059 1080 +hsync -vsync (64.7 kHz d)
[  6794.497] (II) modeset(0): Modeline "1400x1050"x60.0  122.00  1400 1488 1640 1880  1050 1052 1064 1082 +hsync +vsync (64.9 kHz d)
[  6794.497] (II) modeset(0): Modeline "1600x900"x120.0  246.00  1600 1728 1900 2200  900 901 904 932 doublescan -hsync +vsync (111.8 kHz d)
[  6794.497] (II) modeset(0): Modeline "1600x900"x119.9  186.50  1600 1624 1640 1680  900 901 904 926 doublescan +hsync -vsync (111.0 kHz d)
[  6794.497] (II) modeset(0): Modeline "1600x900"x59.9  118.25  1600 1696 1856 2112  900 903 908 934 -hsync +vsync (56.0 kHz d)
[  6794.497] (II) modeset(0): Modeline "1600x900"x59.8   97.50  1600 1648 1680 1760  900 903 908 926 +hsync -vsync (55.4 kHz d)
[  6794.497] (II) modeset(0): Modeline "1280x1024"x60.0  108.00  1280 1328 1440 1688  1024 1025 1028 1066 +hsync +vsync (64.0 kHz d)
[  6794.497] (II) modeset(0): Modeline "1400x900"x60.0  103.50  1400 1480 1624 1848  900 903 913 934 -hsync +vsync (56.0 kHz d)
[  6794.497] (II) modeset(0): Modeline "1400x900"x59.9   86.50  1400 1448 1480 1560  900 903 913 926 +hsync -vsync (55.4 kHz d)
[  6794.497] (II) modeset(0): Modeline "1280x960"x60.0  108.00  1280 1376 1488 1800  960 961 964 1000 +hsync +vsync (60.0 kHz d)
[  6794.497] (II) modeset(0): Modeline "1440x810"x120.0  198.12  1440 1548 1704 1968  810 811 814 839 doublescan -hsync +vsync (100.7 kHz d)
[  6794.497] (II) modeset(0): Modeline "1440x810"x119.9  151.88  1440 1464 1480 1520  810 811 814 833 doublescan +hsync -vsync (99.9 kHz d)
[  6794.497] (II) modeset(0): Modeline "1368x768"x59.9   85.25  1368 1440 1576 1784  768 771 781 798 -hsync +vsync (47.8 kHz d)
[  6794.497] (II) modeset(0): Modeline "1368x768"x59.9   72.25  1368 1416 1448 1528  768 771 781 790 +hsync -vsync (47.3 kHz d)
[  6794.497] (II) modeset(0): Modeline "1280x800"x120.0  174.25  1280 1380 1516 1752  800 801 804 829 doublescan -hsync +vsync (99.5 kHz d)
[  6794.497] (II) modeset(0): Modeline "1280x800"x119.9  134.25  1280 1304 1320 1360  800 801 804 823 doublescan +hsync -vsync (98.7 kHz d)
[  6794.497] (II) modeset(0): Modeline "1280x800"x59.8   83.50  1280 1352 1480 1680  800 803 809 831 -hsync +vsync (49.7 kHz d)
[  6794.497] (II) modeset(0): Modeline "1280x800"x59.9   71.00  1280 1328 1360 1440  800 803 809 823 +hsync -vsync (49.3 kHz d)
[  6794.497] (II) modeset(0): Modeline "1280x720"x120.0  156.12  1280 1376 1512 1744  720 721 724 746 doublescan -hsync +vsync (89.5 kHz d)
[  6794.497] (II) modeset(0): Modeline "1280x720"x120.0  120.75  1280 1304 1320 1360  720 721 724 740 doublescan +hsync -vsync (88.8 kHz d)
[  6794.497] (II) modeset(0): Modeline "1280x720"x59.9   74.50  1280 1344 1472 1664  720 723 728 748 -hsync +vsync (44.8 kHz d)
[  6794.497] (II) modeset(0): Modeline "1280x720"x59.7   63.75  1280 1328 1360 1440  720 723 728 741 +hsync -vsync (44.3 kHz d)
[  6794.497] (II) modeset(0): Modeline "1024x768"x120.1  133.47  1024 1100 1212 1400  768 768 770 794 doublescan -hsync +vsync (95.3 kHz d)
[  6794.497] (II) modeset(0): Modeline "1024x768"x60.0   65.00  1024 1048 1184 1344  768 771 777 806 -hsync -vsync (48.4 kHz d)
[  6794.497] (II) modeset(0): Modeline "960x720"x120.0  117.00  960 1024 1128 1300  720 720 722 750 doublescan -hsync +vsync (90.0 kHz d)
[  6794.497] (II) modeset(0): Modeline "928x696"x120.1  109.15  928 976 1088 1264  696 696 698 719 doublescan -hsync +vsync (86.4 kHz d)
[  6794.497] (II) modeset(0): Modeline "896x672"x120.0  102.40  896 960 1060 1224  672 672 674 697 doublescan -hsync +vsync (83.7 kHz d)
[  6794.497] (II) modeset(0): Modeline "1024x576"x119.9   98.50  1024 1092 1200 1376  576 577 580 597 doublescan -hsync +vsync (71.6 kHz d)
[  6794.497] (II) modeset(0): Modeline "1024x576"x119.9   78.38  1024 1048 1064 1104  576 577 580 592 doublescan +hsync -vsync (71.0 kHz d)
[  6794.497] (II) modeset(0): Modeline "1024x576"x59.9   46.50  1024 1064 1160 1296  576 579 584 599 -hsync +vsync (35.9 kHz d)
[  6794.497] (II) modeset(0): Modeline "1024x576"x59.8   42.00  1024 1072 1104 1184  576 579 584 593 +hsync -vsync (35.5 kHz d)
[  6794.497] (II) modeset(0): Modeline "960x600"x119.9   96.62  960 1028 1128 1296  600 601 604 622 doublescan -hsync +vsync (74.6 kHz d)
[  6794.497] (II) modeset(0): Modeline "960x600"x120.0   77.00  960 984 1000 1040  600 601 604 617 doublescan +hsync -vsync (74.0 kHz d)
[  6794.497] (II) modeset(0): Modeline "960x540"x119.9   86.50  960 1024 1124 1288  540 541 544 560 doublescan -hsync +vsync (67.2 kHz d)
[  6794.497] (II) modeset(0): Modeline "960x540"x120.0   69.25  960 984 1000 1040  540 541 544 555 doublescan +hsync -vsync (66.6 kHz d)
[  6794.497] (II) modeset(0): Modeline "960x540"x59.6   40.75  960 992 1088 1216  540 543 548 562 -hsync +vsync (33.5 kHz d)
[  6794.497] (II) modeset(0): Modeline "960x540"x59.8   37.25  960 1008 1040 1120  540 543 548 556 +hsync -vsync (33.3 kHz d)
[  6794.497] (II) modeset(0): Modeline "800x600"x120.0   81.00  800 832 928 1080  600 600 602 625 doublescan +hsync +vsync (75.0 kHz d)
[  6794.497] (II) modeset(0): Modeline "800x600"x60.3   40.00  800 840 968 1056  600 601 605 628 +hsync +vsync (37.9 kHz d)
[  6794.497] (II) modeset(0): Modeline "800x600"x56.2   36.00  800 824 896 1024  600 601 603 625 +hsync +vsync (35.2 kHz d)
[  6794.497] (II) modeset(0): Modeline "840x525"x120.0   73.12  840 892 980 1120  525 526 529 544 doublescan -hsync +vsync (65.3 kHz d)
[  6794.497] (II) modeset(0): Modeline "840x525"x119.8   59.50  840 864 880 920  525 526 529 540 doublescan +hsync -vsync (64.7 kHz d)
[  6794.497] (II) modeset(0): Modeline "864x486"x59.9   32.50  864 888 968 1072  486 489 494 506 -hsync +vsync (30.3 kHz d)
[  6794.497] (II) modeset(0): Modeline "864x486"x59.6   30.50  864 912 944 1024  486 489 494 500 +hsync -vsync (29.8 kHz d)
[  6794.497] (II) modeset(0): Modeline "700x525"x120.0   61.00  700 744 820 940  525 526 532 541 doublescan +hsync +vsync (64.9 kHz d)
[  6794.498] (II) modeset(0): Modeline "800x450"x119.9   59.12  800 848 928 1056  450 451 454 467 doublescan -hsync +vsync (56.0 kHz d)
[  6794.498] (II) modeset(0): Modeline "800x450"x119.6   48.75  800 824 840 880  450 451 454 463 doublescan +hsync -vsync (55.4 kHz d)
[  6794.498] (II) modeset(0): Modeline "640x512"x120.0   54.00  640 664 720 844  512 512 514 533 doublescan +hsync +vsync (64.0 kHz d)
[  6794.498] (II) modeset(0): Modeline "700x450"x119.9   51.75  700 740 812 924  450 451 456 467 doublescan -hsync +vsync (56.0 kHz d)
[  6794.498] (II) modeset(0): Modeline "700x450"x119.8   43.25  700 724 740 780  450 451 456 463 doublescan +hsync -vsync (55.4 kHz d)
[  6794.498] (II) modeset(0): Modeline "640x480"x120.0   54.00  640 688 744 900  480 480 482 500 doublescan +hsync +vsync (60.0 kHz d)
[  6794.498] (II) modeset(0): Modeline "640x480"x59.9   25.18  640 656 752 800  480 490 492 525 -hsync -vsync (31.5 kHz d)
[  6794.498] (II) modeset(0): Modeline "720x405"x59.5   22.50  720 744 808 896  405 408 413 422 -hsync +vsync (25.1 kHz d)
[  6794.498] (II) modeset(0): Modeline "720x405"x59.0   21.75  720 768 800 880  405 408 413 419 +hsync -vsync (24.7 kHz d)
[  6794.498] (II) modeset(0): Modeline "684x384"x119.8   42.62  684 720 788 892  384 385 390 399 doublescan -hsync +vsync (47.8 kHz d)
[  6794.498] (II) modeset(0): Modeline "684x384"x119.7   36.12  684 708 724 764  384 385 390 395 doublescan +hsync -vsync (47.3 kHz d)
[  6794.498] (II) modeset(0): Modeline "640x400"x119.8   41.75  640 676 740 840  400 401 404 415 doublescan -hsync +vsync (49.7 kHz d)
[  6794.498] (II) modeset(0): Modeline "640x400"x120.0   35.50  640 664 680 720  400 401 404 411 doublescan +hsync -vsync (49.3 kHz d)
[  6794.498] (II) modeset(0): Modeline "640x360"x119.7   37.25  640 672 736 832  360 361 364 374 doublescan -hsync +vsync (44.8 kHz d)
[  6794.498] (II) modeset(0): Modeline "640x360"x119.7   31.88  640 664 680 720  360 361 364 370 doublescan +hsync -vsync (44.3 kHz d)
[  6794.498] (II) modeset(0): Modeline "640x360"x59.8   18.00  640 664 720 800  360 363 368 376 -hsync +vsync (22.5 kHz d)
[  6794.498] (II) modeset(0): Modeline "640x360"x59.3   17.75  640 688 720 800  360 363 368 374 +hsync -vsync (22.2 kHz d)
[  6794.498] (II) modeset(0): Modeline "512x384"x120.0   32.50  512 524 592 672  384 385 388 403 doublescan -hsync -vsync (48.4 kHz d)
[  6794.498] (II) modeset(0): Modeline "512x288"x120.0   23.25  512 532 580 648  288 289 292 299 doublescan -hsync +vsync (35.9 kHz d)
[  6794.498] (II) modeset(0): Modeline "512x288"x119.8   21.00  512 536 552 592  288 289 292 296 doublescan +hsync -vsync (35.5 kHz d)
[  6794.498] (II) modeset(0): Modeline "480x270"x119.3   20.38  480 496 544 608  270 271 274 281 doublescan -hsync +vsync (33.5 kHz d)
[  6794.498] (II) modeset(0): Modeline "480x270"x119.6   18.62  480 504 520 560  270 271 274 278 doublescan +hsync -vsync (33.3 kHz d)
[  6794.498] (II) modeset(0): Modeline "400x300"x120.6   20.00  400 420 484 528  300 300 302 314 doublescan +hsync +vsync (37.9 kHz d)
[  6794.498] (II) modeset(0): Modeline "400x300"x112.7   18.00  400 412 448 512  300 300 301 312 doublescan +hsync +vsync (35.2 kHz d)
[  6794.498] (II) modeset(0): Modeline "432x243"x119.8   16.25  432 444 484 536  243 244 247 253 doublescan -hsync +vsync (30.3 kHz d)
[  6794.498] (II) modeset(0): Modeline "432x243"x119.1   15.25  432 456 472 512  243 244 247 250 doublescan +hsync -vsync (29.8 kHz d)
[  6794.498] (II) modeset(0): Modeline "320x240"x120.1   12.59  320 328 376 400  240 245 246 262 doublescan -hsync -vsync (31.5 kHz d)
[  6794.498] (II) modeset(0): Modeline "360x202"x119.0   11.25  360 372 404 448  202 204 206 211 doublescan -hsync +vsync (25.1 kHz d)
[  6794.498] (II) modeset(0): Modeline "360x202"x118.3   10.88  360 384 400 440  202 204 206 209 doublescan +hsync -vsync (24.7 kHz d)
[  6794.498] (II) modeset(0): Modeline "320x180"x119.7    9.00  320 332 360 400  180 181 184 188 doublescan -hsync +vsync (22.5 kHz d)
[  6794.498] (II) modeset(0): Modeline "320x180"x118.6    8.88  320 344 360 400  180 181 184 187 doublescan +hsync -vsync (22.2 kHz d)
[  6794.503] (II) modeset(0): EDID for output DP-1
[  6794.560] (II) modeset(0): EDID for output HDMI-1
[  6794.565] (II) modeset(0): EDID for output DP-2
[  6794.568] (II) modeset(0): EDID for output HDMI-2
[  6794.568] (II) modeset(0): Output eDP-1 connected
[  6794.568] (II) modeset(0): Output DP-1 disconnected
[  6794.568] (II) modeset(0): Output HDMI-1 disconnected
[  6794.568] (II) modeset(0): Output DP-2 disconnected
[  6794.568] (II) modeset(0): Output HDMI-2 disconnected
[  6794.568] (II) modeset(0): Using exact sizes for initial modes
[  6794.568] (II) modeset(0): Output eDP-1 using initial mode 1920x1080 +0+0
[  6794.568] (==) modeset(0): Using gamma correction (1.0, 1.0, 1.0)
[  6794.568] (==) modeset(0): DPI set to (96, 96)
[  6794.568] (II) Loading sub module "fb"
[  6794.568] (II) LoadModule: "fb"
[  6794.568] (II) Module "fb" already built-in
[  6794.586] (==) modeset(0): Backing store enabled
[  6794.586] (==) modeset(0): Silken mouse enabled
[  6794.656] (II) modeset(0): Initializing kms color map for depth 24, 8 bpc.
[  6794.656] (==) modeset(0): DPMS enabled
[  6794.656] (II) modeset(0): [DRI2] Setup complete
[  6794.656] (II) modeset(0): [DRI2]   DRI driver: iris
[  6794.656] (II) modeset(0): [DRI2]   VDPAU driver: va_gl
[  6794.656] (II) Initializing extension Generic Event Extension
[  6794.656] (II) Initializing extension SHAPE
[  6794.656] (II) Initializing extension MIT-SHM
[  6794.656] (II) Initializing extension XInputExtension
[  6794.656] (II) Initializing extension XTEST
[  6794.656] (II) Initializing extension BIG-REQUESTS
[  6794.657] (II) Initializing extension SYNC
[  6794.657] (II) Initializing extension XKEYBOARD
[  6794.657] (II) Initializing extension XC-MISC
[  6794.657] (II) Initializing extension SECURITY
[  6794.657] (II) Initializing extension XFIXES
[  6794.657] (II) Initializing extension RENDER
[  6794.657] (II) Initializing extension RANDR
[  6794.658] (II) Initializing extension COMPOSITE
[  6794.658] (II) Initializing extension DAMAGE
[  6794.658] (II) Initializing extension MIT-SCREEN-SAVER
[  6794.658] (II) Initializing extension DOUBLE-BUFFER
[  6794.658] (II) Initializing extension RECORD
[  6794.658] (II) Initializing extension DPMS
[  6794.658] (II) Initializing extension Present
[  6794.658] (II) Initializing extension DRI3
[  6794.659] (II) Initializing extension X-Resource
[  6794.659] (II) Initializing extension XVideo
[  6794.659] (II) Initializing extension XVideo-MotionCompensation
[  6794.659] (II) Initializing extension GLX
[  6794.667] (II) AIGLX: Loaded and initialized iris
[  6794.667] (II) GLX: Initialized DRI2 GL provider for screen 0
[  6794.667] (II) Initializing extension XFree86-VidModeExtension
[  6794.667] (II) Initializing extension XFree86-DGA
[  6794.667] (II) Initializing extension XFree86-DRI
[  6794.667] (II) Initializing extension DRI2
[  6794.667] (II) modeset(0): Damage tracking initialized
[  6794.667] (II) modeset(0): Setting screen physical size to 508 x 285
[  6794.710] (II) config/udev: Adding input device Power Button (/dev/input/event2)
[  6794.710] (**) Power Button: Applying InputClass "libinput keyboard catchall"
[  6794.710] (**) Power Button: Applying InputClass "system-keyboard"
[  6794.710] (II) LoadModule: "libinput"
[  6794.710] (II) Loading /usr/lib/xorg/modules/input/libinput_drv.so
[  6794.711] (II) Module libinput: vendor="X.Org Foundation"
[  6794.711] 	compiled for 1.21.1.13, module version = 1.5.0
[  6794.711] 	Module class: X.Org XInput Driver
[  6794.711] 	ABI class: X.Org XInput driver, version 24.4
[  6794.711] (II) Using input driver 'libinput' for 'Power Button'
[  6794.712] (II) systemd-logind: got fd for /dev/input/event2 13:66 fd 26 paused 0
[  6794.712] (**) Power Button: always reports core events
[  6794.712] (**) Option "Device" "/dev/input/event2"
[  6794.714] (II) event2  - Power Button: is tagged by udev as: Keyboard
[  6794.714] (II) event2  - Power Button: device is a keyboard
[  6794.714] (II) event2  - Power Button: device removed
[  6794.714] (**) Option "config_info" "udev:/sys/devices/LNXSYSTM:00/LNXPWRBN:00/input/input2/event2"
[  6794.714] (II) XINPUT: Adding extended input device "Power Button" (type: KEYBOARD, id 6)
[  6794.714] (**) Option "xkb_model" "pc105+inet"
[  6794.714] (**) Option "xkb_layout" "us"
[  6794.714] (**) Option "xkb_options" "terminate:ctrl_alt_bksp"
[  6794.731] (II) event2  - Power Button: is tagged by udev as: Keyboard
[  6794.731] (II) event2  - Power Button: device is a keyboard
[  6794.732] (II) config/udev: Adding input device Video Bus (/dev/input/event5)
[  6794.732] (**) Video Bus: Applying InputClass "libinput keyboard catchall"
[  6794.732] (**) Video Bus: Applying InputClass "system-keyboard"
[  6794.732] (II) Using input driver 'libinput' for 'Video Bus'
[  6794.733] (II) systemd-logind: got fd for /dev/input/event5 13:69 fd 29 paused 0
[  6794.733] (**) Video Bus: always reports core events
[  6794.733] (**) Option "Device" "/dev/input/event5"
[  6794.734] (II) event5  - Video Bus: is tagged by udev as: Keyboard
[  6794.734] (II) event5  - Video Bus: device is a keyboard
[  6794.734] (II) event5  - Video Bus: device removed
[  6794.734] (**) Option "config_info" "udev:/sys/devices/LNXSYSTM:00/LNXSYBUS:00/PNP0A08:00/LNXVIDEO:00/input/input6/event5"
[  6794.734] (II) XINPUT: Adding extended input device "Video Bus" (type: KEYBOARD, id 7)
[  6794.734] (**) Option "xkb_model" "pc105+inet"
[  6794.734] (**) Option "xkb_layout" "us"
[  6794.734] (**) Option "xkb_options" "terminate:ctrl_alt_bksp"
[  6794.735] (II) event5  - Video Bus: is tagged by udev as: Keyboard
[  6794.735] (II) event5  - Video Bus: device is a keyboard
[  6794.736] (II) config/udev: Adding input device Lid Switch (/dev/input/event1)
[  6794.736] (II) No input driver specified, ignoring this device.
[  6794.736] (II) This device may have been added with another device file.
[  6794.737] (II) config/udev: Adding input device Sleep Button (/dev/input/event0)
[  6794.737] (**) Sleep Button: Applying InputClass "libinput keyboard catchall"
[  6794.737] (**) Sleep Button: Applying InputClass "system-keyboard"
[  6794.737] (II) Using input driver 'libinput' for 'Sleep Button'
[  6794.737] (II) systemd-logind: got fd for /dev/input/event0 13:64 fd 30 paused 0
[  6794.737] (**) Sleep Button: always reports core events
[  6794.737] (**) Option "Device" "/dev/input/event0"
[  6794.738] (II) event0  - Sleep Button: is tagged by udev as: Keyboard
[  6794.738] (II) event0  - Sleep Button: device is a keyboard
[  6794.739] (II) event0  - Sleep Button: device removed
[  6794.739] (**) Option "config_info" "udev:/sys/devices/LNXSYSTM:00/LNXSYBUS:00/PNP0C0E:00/input/input0/event0"
[  6794.739] (II) XINPUT: Adding extended input device "Sleep Button" (type: KEYBOARD, id 8)
[  6794.739] (**) Option "xkb_model" "pc105+inet"
[  6794.739] (**) Option "xkb_layout" "us"
[  6794.739] (**) Option "xkb_options" "terminate:ctrl_alt_bksp"
[  6794.740] (II) event0  - Sleep Button: is tagged by udev as: Keyboard
[  6794.740] (II) event0  - Sleep Button: device is a keyboard
[  6794.742] (II) config/udev: Adding input device Raydium Corporation Raydium Touch System (/dev/input/event6)
[  6794.742] (**) Raydium Corporation Raydium Touch System: Applying InputClass "libinput touchscreen catchall"
[  6794.742] (II) Using input driver 'libinput' for 'Raydium Corporation Raydium Touch System'
[  6794.793] (II) systemd-logind: got fd for /dev/input/event6 13:70 fd 31 paused 0
[  6794.793] (**) Raydium Corporation Raydium Touch System: always reports core events
[  6794.793] (**) Option "Device" "/dev/input/event6"
[  6794.794] (II) event6  - Raydium Corporation Raydium Touch System: is tagged by udev as: Touchscreen
[  6794.795] (II) event6  - Raydium Corporation Raydium Touch System: device is a touch device
[  6794.795] (II) event6  - Raydium Corporation Raydium Touch System: device removed
[  6794.795] (**) Option "config_info" "udev:/sys/devices/pci0000:00/0000:00:14.0/usb1/1-10/1-10:1.0/0003:2386:432E.0001/input/input10/event6"
[  6794.795] (II) XINPUT: Adding extended input device "Raydium Corporation Raydium Touch System" (type: TOUCHSCREEN, id 9)
[  6794.795] (**) Option "AccelerationScheme" "none"
[  6794.795] (**) Raydium Corporation Raydium Touch System: (accel) selected scheme none/0
[  6794.795] (**) Raydium Corporation Raydium Touch System: (accel) acceleration factor: 2.000
[  6794.795] (**) Raydium Corporation Raydium Touch System: (accel) acceleration threshold: 4
[  6794.796] (II) event6  - Raydium Corporation Raydium Touch System: is tagged by udev as: Touchscreen
[  6794.796] (II) event6  - Raydium Corporation Raydium Touch System: device is a touch device
[  6794.797] (II) config/udev: Adding input device Raydium Corporation Raydium Touch System (/dev/input/mouse0)
[  6794.797] (II) No input driver specified, ignoring this device.
[  6794.797] (II) This device may have been added with another device file.
[  6794.798] (II) config/udev: Adding input device HDA Intel PCH Mic (/dev/input/event10)
[  6794.798] (II) No input driver specified, ignoring this device.
[  6794.798] (II) This device may have been added with another device file.
[  6794.798] (II) config/udev: Adding input device HDA Intel PCH Headphone (/dev/input/event11)
[  6794.798] (II) No input driver specified, ignoring this device.
[  6794.798] (II) This device may have been added with another device file.
[  6794.798] (II) config/udev: Adding input device HDA Intel PCH HDMI/DP,pcm=3 (/dev/input/event12)
[  6794.799] (II) No input driver specified, ignoring this device.
[  6794.799] (II) This device may have been added with another device file.
[  6794.799] (II) config/udev: Adding input device HDA Intel PCH HDMI/DP,pcm=7 (/dev/input/event13)
[  6794.799] (II) No input driver specified, ignoring this device.
[  6794.799] (II) This device may have been added with another device file.
[  6794.799] (II) config/udev: Adding input device HDA Intel PCH HDMI/DP,pcm=8 (/dev/input/event14)
[  6794.799] (II) No input driver specified, ignoring this device.
[  6794.799] (II) This device may have been added with another device file.
[  6794.800] (II) config/udev: Adding input device Elan Touchpad (/dev/input/event8)
[  6794.800] (**) Elan Touchpad: Applying InputClass "libinput touchpad catchall"
[  6794.800] (II) Using input driver 'libinput' for 'Elan Touchpad'
[  6794.800] (II) systemd-logind: got fd for /dev/input/event8 13:72 fd 32 paused 0
[  6794.801] (**) Elan Touchpad: always reports core events
[  6794.801] (**) Option "Device" "/dev/input/event8"
[  6794.802] (II) event8  - Elan Touchpad: is tagged by udev as: Touchpad
[  6794.804] (II) event8  - Elan Touchpad: device is a touchpad
[  6794.804] (II) event8  - Elan Touchpad: device removed
[  6794.804] (II) libinput: Elan Touchpad: Step value 0 was provided, libinput Fallback acceleration function is used.
[  6794.804] (II) libinput: Elan Touchpad: Step value 0 was provided, libinput Fallback acceleration function is used.
[  6794.804] (II) libinput: Elan Touchpad: Step value 0 was provided, libinput Fallback acceleration function is used.
[  6794.804] (**) Option "config_info" "udev:/sys/devices/pci0000:00/0000:00:1f.4/i2c-7/7-0015/input/input13/event8"
[  6794.804] (II) XINPUT: Adding extended input device "Elan Touchpad" (type: TOUCHPAD, id 10)
[  6794.806] (**) Option "AccelerationScheme" "none"
[  6794.806] (**) Elan Touchpad: (accel) selected scheme none/0
[  6794.806] (**) Elan Touchpad: (accel) acceleration factor: 2.000
[  6794.806] (**) Elan Touchpad: (accel) acceleration threshold: 4
[  6794.807] (II) event8  - Elan Touchpad: is tagged by udev as: Touchpad
[  6794.809] (II) event8  - Elan Touchpad: device is a touchpad
[  6794.810] (II) config/udev: Adding input device Elan Touchpad (/dev/input/mouse1)
[  6794.810] (II) No input driver specified, ignoring this device.
[  6794.810] (II) This device may have been added with another device file.
[  6794.810] (II) config/udev: Adding input device Elan TrackPoint (/dev/input/event9)
[  6794.810] (**) Elan TrackPoint: Applying InputClass "libinput pointer catchall"
[  6794.810] (II) Using input driver 'libinput' for 'Elan TrackPoint'
[  6794.811] (II) systemd-logind: got fd for /dev/input/event9 13:73 fd 33 paused 0
[  6794.811] (**) Elan TrackPoint: always reports core events
[  6794.811] (**) Option "Device" "/dev/input/event9"
[  6794.812] (II) event9  - Elan TrackPoint: is tagged by udev as: Mouse Pointingstick
[  6794.813] (II) event9  - Elan TrackPoint: device is a pointer
[  6794.813] (II) event9  - Elan TrackPoint: device removed
[  6794.813] (II) libinput: Elan TrackPoint: Step value 0 was provided, libinput Fallback acceleration function is used.
[  6794.813] (II) libinput: Elan TrackPoint: Step value 0 was provided, libinput Fallback acceleration function is used.
[  6794.813] (II) libinput: Elan TrackPoint: Step value 0 was provided, libinput Fallback acceleration function is used.
[  6794.813] (**) Option "config_info" "udev:/sys/devices/pci0000:00/0000:00:1f.4/i2c-7/7-0015/input/input14/event9"
[  6794.813] (II) XINPUT: Adding extended input device "Elan TrackPoint" (type: MOUSE, id 11)
[  6794.814] (**) Option "AccelerationScheme" "none"
[  6794.814] (**) Elan TrackPoint: (accel) selected scheme none/0
[  6794.814] (**) Elan TrackPoint: (accel) acceleration factor: 2.000
[  6794.814] (**) Elan TrackPoint: (accel) acceleration threshold: 4
[  6794.815] (II) event9  - Elan TrackPoint: is tagged by udev as: Mouse Pointingstick
[  6794.815] (II) event9  - Elan TrackPoint: device is a pointer
[  6794.816] (II) config/udev: Adding input device Elan TrackPoint (/dev/input/mouse2)
[  6794.816] (II) No input driver specified, ignoring this device.
[  6794.816] (II) This device may have been added with another device file.
[  6794.817] (II) config/udev: Adding input device AT Translated Set 2 keyboard (/dev/input/event3)
[  6794.817] (**) AT Translated Set 2 keyboard: Applying InputClass "libinput keyboard catchall"
[  6794.817] (**) AT Translated Set 2 keyboard: Applying InputClass "system-keyboard"
[  6794.817] (II) Using input driver 'libinput' for 'AT Translated Set 2 keyboard'
[  6794.817] (II) systemd-logind: got fd for /dev/input/event3 13:67 fd 34 paused 0
[  6794.817] (**) AT Translated Set 2 keyboard: always reports core events
[  6794.817] (**) Option "Device" "/dev/input/event3"
[  6794.818] (II) event3  - AT Translated Set 2 keyboard: is tagged by udev as: Keyboard
[  6794.819] (II) event3  - AT Translated Set 2 keyboard: device is a keyboard
[  6794.819] (II) event3  - AT Translated Set 2 keyboard: device removed
[  6794.819] (**) Option "config_info" "udev:/sys/devices/platform/i8042/serio0/input/input4/event3"
[  6794.819] (II) XINPUT: Adding extended input device "AT Translated Set 2 keyboard" (type: KEYBOARD, id 12)
[  6794.819] (**) Option "xkb_model" "pc105+inet"
[  6794.819] (**) Option "xkb_layout" "us"
[  6794.819] (**) Option "xkb_options" "terminate:ctrl_alt_bksp"
[  6794.821] (II) event3  - AT Translated Set 2 keyboard: is tagged by udev as: Keyboard
[  6794.821] (II) event3  - AT Translated Set 2 keyboard: device is a keyboard
[  6794.822] (II) config/udev: Adding input device PC Speaker (/dev/input/event7)
[  6794.822] (II) No input driver specified, ignoring this device.
[  6794.822] (II) This device may have been added with another device file.
[  6794.825] (II) config/udev: Adding input device ThinkPad Extra Buttons (/dev/input/event4)
[  6794.825] (**) ThinkPad Extra Buttons: Applying InputClass "libinput keyboard catchall"
[  6794.825] (**) ThinkPad Extra Buttons: Applying InputClass "system-keyboard"
[  6794.825] (II) Using input driver 'libinput' for 'ThinkPad Extra Buttons'
[  6794.826] (II) systemd-logind: got fd for /dev/input/event4 13:68 fd 35 paused 0
[  6794.826] (**) ThinkPad Extra Buttons: always reports core events
[  6794.826] (**) Option "Device" "/dev/input/event4"
[  6794.827] (II) event4  - ThinkPad Extra Buttons: is tagged by udev as: Keyboard Switch
[  6794.827] (II) event4  - ThinkPad Extra Buttons: device is a keyboard
[  6794.827] (II) event4  - ThinkPad Extra Buttons: device removed
[  6794.827] (**) Option "config_info" "udev:/sys/devices/platform/thinkpad_acpi/input/input3/event4"
[  6794.827] (II) XINPUT: Adding extended input device "ThinkPad Extra Buttons" (type: KEYBOARD, id 13)
[  6794.827] (**) Option "xkb_model" "pc105+inet"
[  6794.827] (**) Option "xkb_layout" "us"
[  6794.827] (**) Option "xkb_options" "terminate:ctrl_alt_bksp"
[  6794.828] (II) event4  - ThinkPad Extra Buttons: is tagged by udev as: Keyboard Switch
[  6794.828] (II) event4  - ThinkPad Extra Buttons: device is a keyboard
[  6795.605] (II) modeset(0): EDID vendor "AUO", prod id 4157
[  6795.605] (II) modeset(0): Printing DDC gathered Modelines:
[  6795.605] (II) modeset(0): Modeline "1920x1080"x0.0  141.00  1920 1968 2068 2098  1080 1083 1084 1120 -hsync -vsync (67.2 kHz eP)
[  6796.055] (II) modeset(0): EDID vendor "AUO", prod id 4157
[  6796.055] (II) modeset(0): Printing DDC gathered Modelines:
[  6796.055] (II) modeset(0): Modeline "1920x1080"x0.0  141.00  1920 1968 2068 2098  1080 1083 1084 1120 -hsync -vsync (67.2 kHz eP)
[  6808.371] (**) Option "fd" "26"
[  6808.371] (II) event2  - Power Button: device removed
[  6808.371] (**) Option "fd" "29"
[  6808.371] (II) event5  - Video Bus: device removed
[  6808.371] (**) Option "fd" "30"
[  6808.371] (II) event0  - Sleep Button: device removed
[  6808.371] (**) Option "fd" "31"
[  6808.371] (II) event6  - Raydium Corporation Raydium Touch System: device removed
[  6808.371] (**) Option "fd" "32"
[  6808.371] (II) event8  - Elan Touchpad: device removed
[  6808.371] (**) Option "fd" "33"
[  6808.371] (II) event9  - Elan TrackPoint: device removed
[  6808.371] (**) Option "fd" "34"
[  6808.371] (II) event3  - AT Translated Set 2 keyboard: device removed
[  6808.371] (**) Option "fd" "35"
[  6808.371] (II) event4  - ThinkPad Extra Buttons: device removed
[  6808.372] (II) UnloadModule: "libinput"
[  6808.372] (II) systemd-logind: releasing fd for 13:68
[  6808.385] (II) UnloadModule: "libinput"
[  6808.385] (II) systemd-logind: releasing fd for 13:67
[  6808.385] (II) UnloadModule: "libinput"
[  6808.385] (II) systemd-logind: releasing fd for 13:73
[  6808.386] (II) UnloadModule: "libinput"
[  6808.386] (II) systemd-logind: releasing fd for 13:72
[  6808.387] (II) UnloadModule: "libinput"
[  6808.387] (II) systemd-logind: releasing fd for 13:70
[  6808.387] (II) UnloadModule: "libinput"
[  6808.388] (II) systemd-logind: releasing fd for 13:64
[  6808.388] (II) UnloadModule: "libinput"
[  6808.388] (II) systemd-logind: releasing fd for 13:69
[  6808.404] (II) UnloadModule: "libinput"
[  6808.404] (II) systemd-logind: releasing fd for 13:66
[  6808.440] (II) Server terminated successfully (0). Closing log file.
